e:\project\_pcl\rotation_align\rotation_align\x64\debug\vc143.pdb
e:\project\_pcl\rotation_align\rotation_align\x64\debug\vc143.idb
e:\project\_pointcloud_a_processing\rotation_align\rotation_align\x64\debug\vc143.pdb
e:\project\_pointcloud_a_processing\rotation_align\rotation_align\x64\debug\vc143.idb
e:\project\_pointcloud_a_processing\rotation_align\rotation_align\x64\debug\main_all.obj
e:\project\_pointcloud_a_processing\rotation_align\rotation_align\x64\debug\main.obj
e:\project\_pointcloud_a_processing\rotation_align\rotation_align\x64\debug\cbrowsedir.obj
e:\project\_pointcloud_a_processing\rotation_align\rotation_align\x64\debug\plylib.obj
e:\project\_pointcloud_a_processing\rotation_align\rotation_align\x64\debug\main_bat.obj
e:\project\_pointcloud_a_processing\rotation_align\rotation_align\x64\debug\main_txt.obj
e:\project\_pointcloud_a_processing\rotation_align\x64\debug\rotation_align.exe
e:\project\_pointcloud_a_processing\rotation_align\rotation_align\x64\debug\rotation_align.ilk
e:\project\_pointcloud_a_processing\rotation_align\x64\debug\rotation_align.pdb
e:\project\_pointcloud_a_processing\rotation_align\rotation_align\x64\debug\main_bat.obj.enc
e:\project\_pointcloud_a_processing\rotation_align\rotation_align\x64\debug\rotation_align.tlog\cl.command.1.tlog
e:\project\_pointcloud_a_processing\rotation_align\rotation_align\x64\debug\rotation_align.tlog\cl.read.1.tlog
e:\project\_pointcloud_a_processing\rotation_align\rotation_align\x64\debug\rotation_align.tlog\cl.write.1.tlog
e:\project\_pointcloud_a_processing\rotation_align\rotation_align\x64\debug\rotation_align.tlog\link.command.1.tlog
e:\project\_pointcloud_a_processing\rotation_align\rotation_align\x64\debug\rotation_align.tlog\link.read.1.tlog
e:\project\_pointcloud_a_processing\rotation_align\rotation_align\x64\debug\rotation_align.tlog\link.write.1.tlog
